<?xml version="1.0" encoding="UTF-8"?>
<!-- Generated by org.testng.reporters.JUnitReportReporter -->
<testsuite skipped="0" hostname="DESKTOP-F2LTFAU" name="com.syntax.test.HRMSblankUsername_PasswordValidation" tests="1" failures="0" timestamp="2020-09-07T23:19:35 ALMT" time="11.737" errors="0">
  <testcase name="TC3" time="11.737" classname="com.syntax.test.HRMSblankUsername_PasswordValidation"/>
  <system-out/>
</testsuite> <!-- com.syntax.test.HRMSblankUsername_PasswordValidation -->
