<?xml version="1.0" encoding="UTF-8"?>
<!-- Generated by org.testng.reporters.JUnitReportReporter -->
<testsuite skipped="0" hostname="DESKTOP-F2LTFAU" name="com.syntax.test.HRMSblankUsernameAndPasswordValidation" tests="1" failures="0" timestamp="2020-09-07T23:19:13 ALMT" time="11.436" errors="0">
  <testcase name="TC2" time="11.436" classname="com.syntax.test.HRMSblankUsernameAndPasswordValidation"/>
  <system-out/>
</testsuite> <!-- com.syntax.test.HRMSblankUsernameAndPasswordValidation -->
