<?xml version="1.0" encoding="UTF-8"?>
<!-- Generated by org.testng.reporters.JUnitReportReporter -->
<testsuite skipped="0" hostname="DESKTOP-F2LTFAU" name="com.syntax.test.HRMSblankPasswordValidation" tests="1" failures="0" timestamp="2020-09-07T23:09:22 ALMT" time="11.454" errors="0">
  <testcase name="TC1" time="11.454" classname="com.syntax.test.HRMSblankPasswordValidation"/>
  <system-out/>
</testsuite> <!-- com.syntax.test.HRMSblankPasswordValidation -->
